[Error Code: 8] Trying to get property of non-object
[Date/Time: 27 September 2018 @ 19:33PM]
[Error on line 242 in file C:\xampp\htdocs\maian\store\control\classes\class.cart.php]
- - - - - - - - - - - - - - - - - - -
[Error Code: 8] Trying to get property of non-object
[Date/Time: 27 September 2018 @ 19:33PM]
[Error on line 251 in file C:\xampp\htdocs\maian\store\control\classes\class.cart.php]
- - - - - - - - - - - - - - - - - - -
[Error Code: 8] Trying to get property of non-object
[Date/Time: 27 September 2018 @ 19:33PM]
[Error on line 261 in file C:\xampp\htdocs\maian\store\control\classes\class.cart.php]
- - - - - - - - - - - - - - - - - - -
[Error Code: 8] Trying to get property of non-object
[Date/Time: 27 September 2018 @ 19:33PM]
[Error on line 263 in file C:\xampp\htdocs\maian\store\control\classes\class.cart.php]
- - - - - - - - - - - - - - - - - - -
[Error Code: 8] Trying to get property of non-object
[Date/Time: 27 September 2018 @ 19:33PM]
[Error on line 263 in file C:\xampp\htdocs\maian\store\control\classes\class.cart.php]
- - - - - - - - - - - - - - - - - - -
[Error Code: 8] Trying to get property of non-object
[Date/Time: 27 September 2018 @ 19:33PM]
[Error on line 263 in file C:\xampp\htdocs\maian\store\control\classes\class.cart.php]
- - - - - - - - - - - - - - - - - - -
[Error Code: 8] Trying to get property of non-object
[Date/Time: 27 September 2018 @ 19:33PM]
[Error on line 264 in file C:\xampp\htdocs\maian\store\control\classes\class.cart.php]
- - - - - - - - - - - - - - - - - - -
[Error Code: 8] Trying to get property of non-object
[Date/Time: 27 September 2018 @ 19:33PM]
[Error on line 242 in file C:\xampp\htdocs\maian\store\control\classes\class.cart.php]
- - - - - - - - - - - - - - - - - - -
[Error Code: 8] Trying to get property of non-object
[Date/Time: 27 September 2018 @ 19:33PM]
[Error on line 251 in file C:\xampp\htdocs\maian\store\control\classes\class.cart.php]
- - - - - - - - - - - - - - - - - - -
[Error Code: 8] Trying to get property of non-object
[Date/Time: 27 September 2018 @ 19:33PM]
[Error on line 261 in file C:\xampp\htdocs\maian\store\control\classes\class.cart.php]
- - - - - - - - - - - - - - - - - - -
[Error Code: 8] Trying to get property of non-object
[Date/Time: 27 September 2018 @ 19:33PM]
[Error on line 263 in file C:\xampp\htdocs\maian\store\control\classes\class.cart.php]
- - - - - - - - - - - - - - - - - - -
[Error Code: 8] Trying to get property of non-object
[Date/Time: 27 September 2018 @ 19:33PM]
[Error on line 263 in file C:\xampp\htdocs\maian\store\control\classes\class.cart.php]
- - - - - - - - - - - - - - - - - - -
[Error Code: 8] Trying to get property of non-object
[Date/Time: 27 September 2018 @ 19:33PM]
[Error on line 263 in file C:\xampp\htdocs\maian\store\control\classes\class.cart.php]
- - - - - - - - - - - - - - - - - - -
[Error Code: 8] Trying to get property of non-object
[Date/Time: 27 September 2018 @ 19:33PM]
[Error on line 264 in file C:\xampp\htdocs\maian\store\control\classes\class.cart.php]
- - - - - - - - - - - - - - - - - - -
[Error Code: 8] Undefined variable: offer
[Date/Time: 27 September 2018 @ 19:44PM]
[Error on line 258 in file C:\xampp\htdocs\maian\store\control\classes\class.cart.php]
- - - - - - - - - - - - - - - - - - -
[Error Code: 8] Undefined variable: price
[Date/Time: 27 September 2018 @ 19:44PM]
[Error on line 262 in file C:\xampp\htdocs\maian\store\control\classes\class.cart.php]
- - - - - - - - - - - - - - - - - - -
[Error Code: 8] Undefined variable: price
[Date/Time: 27 September 2018 @ 19:44PM]
[Error on line 263 in file C:\xampp\htdocs\maian\store\control\classes\class.cart.php]
- - - - - - - - - - - - - - - - - - -
[Error Code: 8] Undefined variable: pImg
[Date/Time: 27 September 2018 @ 19:44PM]
[Error on line 306 in file C:\xampp\htdocs\maian\store\control\classes\class.cart.php]
- - - - - - - - - - - - - - - - - - -
[Error Code: 8] Undefined variable: name
[Date/Time: 27 September 2018 @ 19:44PM]
[Error on line 310 in file C:\xampp\htdocs\maian\store\control\classes\class.cart.php]
- - - - - - - - - - - - - - - - - - -
[Error Code: 8] Undefined variable: pUrl
[Date/Time: 27 September 2018 @ 19:44PM]
[Error on line 315 in file C:\xampp\htdocs\maian\store\control\classes\class.cart.php]
- - - - - - - - - - - - - - - - - - -
[Error Code: 8] Undefined variable: name
[Date/Time: 27 September 2018 @ 19:44PM]
[Error on line 317 in file C:\xampp\htdocs\maian\store\control\classes\class.cart.php]
- - - - - - - - - - - - - - - - - - -
[Error Code: 8] Undefined variable: offer
[Date/Time: 27 September 2018 @ 19:44PM]
[Error on line 258 in file C:\xampp\htdocs\maian\store\control\classes\class.cart.php]
- - - - - - - - - - - - - - - - - - -
[Error Code: 8] Undefined variable: price
[Date/Time: 27 September 2018 @ 19:44PM]
[Error on line 262 in file C:\xampp\htdocs\maian\store\control\classes\class.cart.php]
- - - - - - - - - - - - - - - - - - -
[Error Code: 8] Undefined variable: price
[Date/Time: 27 September 2018 @ 19:44PM]
[Error on line 263 in file C:\xampp\htdocs\maian\store\control\classes\class.cart.php]
- - - - - - - - - - - - - - - - - - -
[Error Code: 8] Undefined variable: pImg
[Date/Time: 27 September 2018 @ 19:44PM]
[Error on line 306 in file C:\xampp\htdocs\maian\store\control\classes\class.cart.php]
- - - - - - - - - - - - - - - - - - -
[Error Code: 8] Undefined variable: name
[Date/Time: 27 September 2018 @ 19:44PM]
[Error on line 310 in file C:\xampp\htdocs\maian\store\control\classes\class.cart.php]
- - - - - - - - - - - - - - - - - - -
[Error Code: 8] Undefined variable: pUrl
[Date/Time: 27 September 2018 @ 19:44PM]
[Error on line 315 in file C:\xampp\htdocs\maian\store\control\classes\class.cart.php]
- - - - - - - - - - - - - - - - - - -
[Error Code: 8] Undefined variable: name
[Date/Time: 27 September 2018 @ 19:44PM]
[Error on line 317 in file C:\xampp\htdocs\maian\store\control\classes\class.cart.php]
- - - - - - - - - - - - - - - - - - -
[Error Code: 8] Undefined variable: offer
[Date/Time: 27 September 2018 @ 19:44PM]
[Error on line 258 in file C:\xampp\htdocs\maian\store\control\classes\class.cart.php]
- - - - - - - - - - - - - - - - - - -
[Error Code: 8] Undefined variable: price
[Date/Time: 27 September 2018 @ 19:44PM]
[Error on line 262 in file C:\xampp\htdocs\maian\store\control\classes\class.cart.php]
- - - - - - - - - - - - - - - - - - -
[Error Code: 8] Undefined variable: price
[Date/Time: 27 September 2018 @ 19:44PM]
[Error on line 263 in file C:\xampp\htdocs\maian\store\control\classes\class.cart.php]
- - - - - - - - - - - - - - - - - - -
[Error Code: 8] Undefined variable: pImg
[Date/Time: 27 September 2018 @ 19:44PM]
[Error on line 306 in file C:\xampp\htdocs\maian\store\control\classes\class.cart.php]
- - - - - - - - - - - - - - - - - - -
[Error Code: 8] Undefined variable: name
[Date/Time: 27 September 2018 @ 19:44PM]
[Error on line 310 in file C:\xampp\htdocs\maian\store\control\classes\class.cart.php]
- - - - - - - - - - - - - - - - - - -
[Error Code: 8] Undefined variable: pUrl
[Date/Time: 27 September 2018 @ 19:44PM]
[Error on line 315 in file C:\xampp\htdocs\maian\store\control\classes\class.cart.php]
- - - - - - - - - - - - - - - - - - -
[Error Code: 8] Undefined variable: name
[Date/Time: 27 September 2018 @ 19:44PM]
[Error on line 317 in file C:\xampp\htdocs\maian\store\control\classes\class.cart.php]
- - - - - - - - - - - - - - - - - - -
[Error Code: 8] Undefined variable: offer
[Date/Time: 27 September 2018 @ 19:44PM]
[Error on line 258 in file C:\xampp\htdocs\maian\store\control\classes\class.cart.php]
- - - - - - - - - - - - - - - - - - -
[Error Code: 8] Undefined variable: price
[Date/Time: 27 September 2018 @ 19:44PM]
[Error on line 262 in file C:\xampp\htdocs\maian\store\control\classes\class.cart.php]
- - - - - - - - - - - - - - - - - - -
[Error Code: 8] Undefined variable: price
[Date/Time: 27 September 2018 @ 19:44PM]
[Error on line 263 in file C:\xampp\htdocs\maian\store\control\classes\class.cart.php]
- - - - - - - - - - - - - - - - - - -
[Error Code: 8] Undefined variable: pImg
[Date/Time: 27 September 2018 @ 19:44PM]
[Error on line 306 in file C:\xampp\htdocs\maian\store\control\classes\class.cart.php]
- - - - - - - - - - - - - - - - - - -
[Error Code: 8] Undefined variable: name
[Date/Time: 27 September 2018 @ 19:44PM]
[Error on line 310 in file C:\xampp\htdocs\maian\store\control\classes\class.cart.php]
- - - - - - - - - - - - - - - - - - -
[Error Code: 8] Undefined variable: pUrl
[Date/Time: 27 September 2018 @ 19:44PM]
[Error on line 315 in file C:\xampp\htdocs\maian\store\control\classes\class.cart.php]
- - - - - - - - - - - - - - - - - - -
[Error Code: 8] Undefined variable: name
[Date/Time: 27 September 2018 @ 19:44PM]
[Error on line 317 in file C:\xampp\htdocs\maian\store\control\classes\class.cart.php]
- - - - - - - - - - - - - - - - - - -
[Error Code: 8] Trying to get property of non-object
[Date/Time: 28 September 2018 @ 02:47AM]
[Error on line 242 in file C:\xampp\htdocs\maian\store\control\classes\class.cart.php]
- - - - - - - - - - - - - - - - - - -
[Error Code: 8] Trying to get property of non-object
[Date/Time: 28 September 2018 @ 02:47AM]
[Error on line 251 in file C:\xampp\htdocs\maian\store\control\classes\class.cart.php]
- - - - - - - - - - - - - - - - - - -
[Error Code: 8] Trying to get property of non-object
[Date/Time: 28 September 2018 @ 02:47AM]
[Error on line 261 in file C:\xampp\htdocs\maian\store\control\classes\class.cart.php]
- - - - - - - - - - - - - - - - - - -
[Error Code: 8] Trying to get property of non-object
[Date/Time: 28 September 2018 @ 02:47AM]
[Error on line 263 in file C:\xampp\htdocs\maian\store\control\classes\class.cart.php]
- - - - - - - - - - - - - - - - - - -
[Error Code: 8] Trying to get property of non-object
[Date/Time: 28 September 2018 @ 02:47AM]
[Error on line 263 in file C:\xampp\htdocs\maian\store\control\classes\class.cart.php]
- - - - - - - - - - - - - - - - - - -
[Error Code: 8] Trying to get property of non-object
[Date/Time: 28 September 2018 @ 02:47AM]
[Error on line 263 in file C:\xampp\htdocs\maian\store\control\classes\class.cart.php]
- - - - - - - - - - - - - - - - - - -
[Error Code: 8] Trying to get property of non-object
[Date/Time: 28 September 2018 @ 02:47AM]
[Error on line 264 in file C:\xampp\htdocs\maian\store\control\classes\class.cart.php]
- - - - - - - - - - - - - - - - - - -
[Error Code: 8] Trying to get property of non-object
[Date/Time: 28 September 2018 @ 02:47AM]
[Error on line 242 in file C:\xampp\htdocs\maian\store\control\classes\class.cart.php]
- - - - - - - - - - - - - - - - - - -
[Error Code: 8] Trying to get property of non-object
[Date/Time: 28 September 2018 @ 02:47AM]
[Error on line 251 in file C:\xampp\htdocs\maian\store\control\classes\class.cart.php]
- - - - - - - - - - - - - - - - - - -
[Error Code: 8] Trying to get property of non-object
[Date/Time: 28 September 2018 @ 02:47AM]
[Error on line 261 in file C:\xampp\htdocs\maian\store\control\classes\class.cart.php]
- - - - - - - - - - - - - - - - - - -
[Error Code: 8] Trying to get property of non-object
[Date/Time: 28 September 2018 @ 02:47AM]
[Error on line 263 in file C:\xampp\htdocs\maian\store\control\classes\class.cart.php]
- - - - - - - - - - - - - - - - - - -
[Error Code: 8] Trying to get property of non-object
[Date/Time: 28 September 2018 @ 02:47AM]
[Error on line 263 in file C:\xampp\htdocs\maian\store\control\classes\class.cart.php]
- - - - - - - - - - - - - - - - - - -
[Error Code: 8] Trying to get property of non-object
[Date/Time: 28 September 2018 @ 02:47AM]
[Error on line 263 in file C:\xampp\htdocs\maian\store\control\classes\class.cart.php]
- - - - - - - - - - - - - - - - - - -
[Error Code: 8] Trying to get property of non-object
[Date/Time: 28 September 2018 @ 02:47AM]
[Error on line 264 in file C:\xampp\htdocs\maian\store\control\classes\class.cart.php]
- - - - - - - - - - - - - - - - - - -
[Error Code: 8] Use of undefined constant php - assumed 'php'
[Date/Time: 17 December 2018 @ 09:23AM]
[Error on line 46 in file /home/macsoftl/public_html/heritage/store/content/_theme_default/customTemplates/example.tpl.php]
- - - - - - - - - - - - - - - - - - -
[Error Code: 8] Use of undefined constant php - assumed 'php'
[Date/Time: 17 December 2018 @ 09:24AM]
[Error on line 46 in file /home/macsoftl/public_html/heritage/store/content/_theme_default/customTemplates/example.tpl.php]
- - - - - - - - - - - - - - - - - - -
